93 97
91 94
88 94
81 96
76 97
78 88
68 97
83 79
77 83
58 98
75 79
92 60
91 59
94 54
54 93
57 89
53 93
82 62
88 55
54 84
86 50
54 82
98 37
75 60
78 54
78 51
67 60
66 61
47 80
32 95
54 70
43 81
72 51
27 94
74 46
72 45
40 77
23 94
75 41
75 40
91 23
88 26
14 99
68 44
60 52
55 57
34 77
23 83
48 56
15 89
76 27
7 96
65 37
59 43
40 62
58 43
56 45
53 47
9 90
32 65
55 41
29 67
13 83
61 33
19 74
64 26
11 79
26 63
47 40
35 52
11 75
65 18
30 52
75 2
47 28
16 56
65 6
4 67
59 10
14 51
10 52
27 33
47 12
14 42
2 54
36 19
32 23
22 33
24 21
20 25
1 44
26 17
21 22
36 3
16 22
3 26
1 27
14 13
1 15
8 5
