QAAFAZAQ
ATVWDADZQEZVWKZIN
AHSEAQTPRAAESSLSDATFYQBKZEMZZMNAFIMALGBMZX
XPOZOKAMZASYQFJLZCZAIAZSNFTXFAAZDAIWAQRWAAZ
XNJTAFZZCKIAPJZBZT
WOA
ZAFAEFBZZZA
ZRPHAMZZRIZZZERBJSKAOCC
RAAKAM
YMZZIUZFCGATLCYWRDZABTAAZZZZGANLQIZHJAUZ
ZKCMIABAYQIEZKGKIFAA
XZADZCAJAA
AGLBABPJZTORGDABOYARDTSXTLMIN
AAGJWZZPZFYXZZASRBTXAZEJZ
VAWZZAQHZTQAZBAZAAZZAPFAAZSAZOUZPMVUA
AVAULBAMNFKZJIAIPZGAMNLYGZALXHYNBZ
AEDKAZAAAOZPCABSTYBJZJEZBAAQDZVZABAPATKO
CNJRNHYGOAGSZSBMKFXWAAPBZARBNZZSZAZA
MHAZQZAAUMZZAQZKZNJXBUAAANAAZOBO
AZAAZAEZAUATAMEGZ
