JQWVMCTGVZSNHDAPZPJZX
ZASATALOUKLAT
HPOZMBAAZNYJUMZVVAIVAZYZMHQGDAZKDNZWDCLZH
BAZCZAZEWIZBJAAORZGACZUOZRAAZVZZVASAUPWEGWQZ
GOSGAUWSZEFAA
EXZWAAIILQAAZA
TOCIZGLUWAEAIZALZZWMZBSBGAHBZSZQZANPGAUZ
RZGXZVJYZZVVDAIZZSDKHMECZHZ
ZZJQTPZTLAZUVZALXKROUJFRUAXUAUNA
TZZTJUUOEWAEZSAAAZLEDAZZACTZZEETZLGQALGZZ
AAYSZAZZZZZZXBCKABBZBWFFSQJZJZZXZLKACCAXMUOJWLA
KAANZZHCZUFXXTIEAAQAZZKAN
AOKUPAZRKAAZQZZKZAAVWAAQDEAPZARPFABFOXALQZJSGRL
ZAZIKZXAJEZZZYZICTHTJRWAZHBPZQZNAVRAH
JZAKVUAIWZATZAZ
ZGZVLHUIZLANQEHHMBPAGZ
WIJSONZVGCGJXZZFRABQOAZZRSZHAZAZGDMBTZFZZLZTYHBF
YUAXWJ
BLGRQUDAAYKEPNQNZQRPXZAZAZOKROOAAYZINKDIAAAAZZAZ
JJBYNEQA
