FTGQCZOWQFKNZNIXBTPAJSMUEJUH
WZHNSJXKCZKRVPNMAGDALOBYZWAPAZZKL
LPRZZNIXWFEZZXAZZNNAPQRIXFOGZKZFZ
BRYANCMBZAUUAMFFTXSOAALUWYJDZXVEQFARA
Z
CZEDQVAZYRDAZZSZFMZABRCGAVTAA
AAAKXXIFSHZWTJAZZGZMFM
ZKARQFAAZZRHAMZMRADKITLOOH
AVCQZAZLAWO
AEOJNAZQAZRAEFVZZHQGCOAJFZSRZAQADXTTUAADAABAL
TAZAZZZZFEHSZSGZOAJCZQQWPCZZWQUAGGZZKMYKPZAZZAKAHA
ZDRLAHAARZAZJP
NDTOZZBAJBEUJUSYUMZAEIUQXAFZAQHZAZZZAGPZV
DTNZPDZFYAAZAGYYZFALZXATNBZFMAGFHNKZZRAAAZYZZGAGA
LVZPZGFNARALEA
GHRCKALZTAAPAASZZZGZBYSHZASACQZOXZZXGHAAZAKJ
ZXTE
AZZOSXXZNZDZJOAZLAAZANCZAPOZSTZVVAQCSZAAEAYXLO
TIZAXGLAUVEAPZZRCWKVHJHEVAPWERAQAKFZAADY
QARYEZSAFIBZKQJ
