APKNZAOAXCGEWGHZNYZMZLFRJRBPXVGHYHZAAM
ZFZUK
OZKZKJTAFAZACRMVLZ
NQZAAABRZFAAHKVKZZHJSAZKAWUAKFAZ
TQZZZAIFZGMYHBZOEJAHAVAFQHRQQHZJYVAZRJRCAZKAZGAJH
BHAIZALTRTZGJZHTXSZPPXBAYFAOVJZWAZASL
DAAARZZBZZWTZIACAZSZARJXIAWAHHZOQEZAPOZAG
VZWZRLAEUMGPAIBJZAAAJXXNZAAAOGDKTEIC
AZMZFZEPAJANDFAZVJAIAIUUDOBCPKQLFZZJFZSIZAZUR
DZQMZAZNIKNAKUHATYJUTLAMZPZZAZRPIWDZNZZCTZFG
OSGAAAWHODIMHZVRZAUZAAETMVTAALUABGZLVAAUO
QAWDAZHRYAAFZZKAPRZNSZODTZPIMZPMZTAZZJTWSXBYYLGVYZ
ATPJAUARZAASCAHCABRAZSZXZZWINBWWAABZSLTZYEOLHAOVA
ZYJAAJZEAHMZAAZQZFALSZIZAZNALLAZAACXAOSYTZV
ZHPKGOZVUVWAGOTCAZJQIZAKAFQAZKLETGLFIVRS
YGSFADJYTZQEAAVRZBDGPGEAQAMZ
AIOAHYYVAAIADQHAVZAYOZAZZFZZZZNA
AOAKACZDNABHIKMAZWTZPMDUUZO
GZZZMLANNAZZEBABAIEZBZKA
RAOGBLNCZAWGCPYACAAZAAZAZAAWZNAAABAAUJZNJI
